Added Component: Designator=Arduino_Interface(HDR1X11)
Added Component: Designator=C6(VP32-3.2)
Added Component: Designator=C14(VP32-3.2)
Added Component: Designator=C16(VP32-3.2)
Added Component: Designator=C17(VP32-3.2)
Added Component: Designator=C18(VP32-3.2)
Added Component: Designator=C32(VP32-3.2)
Added Component: Designator=C34(VP32-3.2)
Added Component: Designator=C?(C0805)
Added Component: Designator=C?(C0805)
Added Component: Designator=C?(C0805)
Added Component: Designator=C?(C0805)
Added Component: Designator=C?(C0805)
Added Component: Designator=C?(C0805)
Added Component: Designator=C?(C0805)
Added Component: Designator=C?(C0805)
Added Component: Designator=C?(C0805)
Added Component: Designator=C?(C0805)
Added Component: Designator=C?(C0805)
Added Component: Designator=C?(C0805)
Added Component: Designator=C?(C0805)
Added Component: Designator=C?(C0805)
Added Component: Designator=C?(C0805)
Added Component: Designator=C?(C0805)
Added Component: Designator=CFB(VP32-3.2)
Added Component: Designator=CHEETAH(HDR2X5)
Added Component: Designator=CINH(VP32-3.2)
Added Component: Designator=CLMD(VP32-3.2)
Added Component: Designator=CSH(VP32-3.2)
Added Component: Designator=H_PHONES(HDR1X6)
Added Component: Designator=L1(L0603)
Added Component: Designator=L2(L0603)
Added Component: Designator=L3(L0603)
Added Component: Designator=L4(L0603)
Added Component: Designator=L5(L0603)
Added Component: Designator=P?(HDR1X3)
Added Component: Designator=P?(HDR1X3)
Added Component: Designator=P?(HDR1X3)
Added Component: Designator=P?(HDR1X3)
Added Component: Designator=R43(J1-0603)
Added Component: Designator=R44(J1-0603)
Added Component: Designator=R?(J1-0603)
Added Component: Designator=RFB(J1-0603)
Added Component: Designator=VR(D2PAK)
Added Pin To Net: NetName=3V Pin=C?-1
Added Pin To Net: NetName=3V Pin=C?-1
Added Pin To Net: NetName=3V Pin=C?-1
Added Pin To Net: NetName=3V Pin=VR-3
Added Net: Name=3V
Added Pin To Net: NetName=12V Pin=Arduino_Interface-10
Added Net: Name=12V
Added Pin To Net: NetName=GAIN1 Pin=Arduino_Interface-1
Added Net: Name=GAIN1
Added Pin To Net: NetName=GAIN2 Pin=Arduino_Interface-2
Added Net: Name=GAIN2
Added Pin To Net: NetName=GAIN3 Pin=Arduino_Interface-3
Added Pin To Net: NetName=GAIN3 Pin=C34-2
Added Net: Name=GAIN3
Added Pin To Net: NetName=GND1 Pin=C?-1
Added Pin To Net: NetName=GND1 Pin=H_PHONES-2
Added Net: Name=GND1
Added Pin To Net: NetName=GND2 Pin=H_PHONES-4
Added Net: Name=GND2
Added Pin To Net: NetName=GND3 Pin=H_PHONES-6
Added Net: Name=GND3
Added Pin To Net: NetName=GND Pin=Arduino_Interface-11
Added Pin To Net: NetName=GND Pin=C6-1
Added Pin To Net: NetName=GND Pin=C17-1
Added Pin To Net: NetName=GND Pin=C18-1
Added Pin To Net: NetName=GND Pin=C32-1
Added Pin To Net: NetName=GND Pin=C34-1
Added Pin To Net: NetName=GND Pin=C?-2
Added Pin To Net: NetName=GND Pin=C?-2
Added Pin To Net: NetName=GND Pin=C?-2
Added Pin To Net: NetName=GND Pin=C?-2
Added Pin To Net: NetName=GND Pin=C?-2
Added Pin To Net: NetName=GND Pin=C?-2
Added Pin To Net: NetName=GND Pin=C?-2
Added Pin To Net: NetName=GND Pin=C?-2
Added Pin To Net: NetName=GND Pin=C?-2
Added Pin To Net: NetName=GND Pin=C?-2
Added Pin To Net: NetName=GND Pin=C?-2
Added Pin To Net: NetName=GND Pin=C?-2
Added Pin To Net: NetName=GND Pin=C?-2
Added Pin To Net: NetName=GND Pin=C?-2
Added Pin To Net: NetName=GND Pin=CHEETAH-2
Added Pin To Net: NetName=GND Pin=CHEETAH-10
Added Pin To Net: NetName=GND Pin=CLMD-1
Added Pin To Net: NetName=GND Pin=CSH-1
Added Pin To Net: NetName=GND Pin=P?-3
Added Pin To Net: NetName=GND Pin=P?-3
Added Pin To Net: NetName=GND Pin=P?-3
Added Pin To Net: NetName=GND Pin=P?-3
Added Pin To Net: NetName=GND Pin=R?-1
Added Pin To Net: NetName=GND Pin=VR-2
Added Net: Name=GND
Added Pin To Net: NetName=H1 Pin=C?-1
Added Pin To Net: NetName=H1 Pin=H_PHONES-1
Added Net: Name=H1
Added Pin To Net: NetName=H2 Pin=C?-1
Added Pin To Net: NetName=H2 Pin=C?-1
Added Pin To Net: NetName=H2 Pin=C?-1
Added Pin To Net: NetName=H2 Pin=C?-1
Added Pin To Net: NetName=H2 Pin=CHEETAH-4
Added Pin To Net: NetName=H2 Pin=CHEETAH-6
Added Pin To Net: NetName=H2 Pin=H_PHONES-3
Added Pin To Net: NetName=H2 Pin=L2-1
Added Pin To Net: NetName=H2 Pin=L5-1
Added Pin To Net: NetName=H2 Pin=P?-1
Added Pin To Net: NetName=H2 Pin=P?-1
Added Pin To Net: NetName=H2 Pin=P?-1
Added Pin To Net: NetName=H2 Pin=P?-1
Added Pin To Net: NetName=H2 Pin=VR-1
Added Net: Name=H2
Added Pin To Net: NetName=H3 Pin=H_PHONES-5
Added Pin To Net: NetName=H3 Pin=L1-1
Added Net: Name=H3
Added Pin To Net: NetName=MISO Pin=Arduino_Interface-8
Added Net: Name=MISO
Added Pin To Net: NetName=MOSI Pin=Arduino_Interface-7
Added Pin To Net: NetName=MOSI Pin=CHEETAH-8
Added Net: Name=MOSI
Added Net: Name=NetADC1_1
Added Net: Name=NetADC1_2
Added Pin To Net: NetName=NetADC1_3 Pin=C?-1
Added Net: Name=NetADC1_3
Added Pin To Net: NetName=NetADC1_8 Pin=CHEETAH-5
Added Net: Name=NetADC1_8
Added Pin To Net: NetName=NetADC1_9 Pin=CHEETAH-7
Added Net: Name=NetADC1_9
Added Pin To Net: NetName=NetADC1_10 Pin=CHEETAH-9
Added Net: Name=NetADC1_10
Added Pin To Net: NetName=NetADC2_3 Pin=C?-1
Added Net: Name=NetADC2_3
Added Pin To Net: NetName=NetADC2_10 Pin=CHEETAH-1
Added Net: Name=NetADC2_10
Added Pin To Net: NetName=NetADC3_1 Pin=L4-1
Added Pin To Net: NetName=NetADC3_1 Pin=R43-2
Added Net: Name=NetADC3_1
Added Pin To Net: NetName=NetADC3_2 Pin=L3-1
Added Pin To Net: NetName=NetADC3_2 Pin=R44-2
Added Net: Name=NetADC3_2
Added Pin To Net: NetName=NetADC3_3 Pin=C?-1
Added Net: Name=NetADC3_3
Added Pin To Net: NetName=NetADC3_10 Pin=CHEETAH-3
Added Net: Name=NetADC3_10
Added Pin To Net: NetName=NetC6_2 Pin=C6-2
Added Pin To Net: NetName=NetC6_2 Pin=L2-2
Added Net: Name=NetC6_2
Added Pin To Net: NetName=NetC14_1 Pin=C14-1
Added Net: Name=NetC14_1
Added Pin To Net: NetName=NetC14_2 Pin=C14-2
Added Net: Name=NetC14_2
Added Pin To Net: NetName=NetC16_1 Pin=C16-1
Added Net: Name=NetC16_1
Added Pin To Net: NetName=NetC16_2 Pin=C16-2
Added Pin To Net: NetName=NetC16_2 Pin=RFB-1
Added Net: Name=NetC16_2
Added Pin To Net: NetName=NetC32_2 Pin=C32-2
Added Pin To Net: NetName=NetC32_2 Pin=L5-2
Added Net: Name=NetC32_2
Added Pin To Net: NetName=NetC?_1 Pin=C?-1
Added Pin To Net: NetName=NetC?_1 Pin=C?-1
Added Pin To Net: NetName=NetC?_1 Pin=R?-2
Added Net: Name=NetC?_1
Added Pin To Net: NetName=NetC?_2 Pin=C?-2
Added Net: Name=NetC?_2
Added Pin To Net: NetName=NetCFB_1 Pin=CFB-1
Added Pin To Net: NetName=NetCFB_1 Pin=RFB-2
Added Net: Name=NetCFB_1
Added Pin To Net: NetName=NetCFB_2 Pin=CFB-2
Added Pin To Net: NetName=NetCFB_2 Pin=CINH-1
Added Pin To Net: NetName=NetCFB_2 Pin=CSH-2
Added Net: Name=NetCFB_2
Added Pin To Net: NetName=NetCINH_2 Pin=CINH-2
Added Pin To Net: NetName=NetCINH_2 Pin=L1-2
Added Net: Name=NetCINH_2
Added Pin To Net: NetName=NetCLMD_2 Pin=CLMD-2
Added Net: Name=NetCLMD_2
Added Pin To Net: NetName=NetL3_2 Pin=L3-2
Added Pin To Net: NetName=NetL3_2 Pin=R44-1
Added Net: Name=NetL3_2
Added Pin To Net: NetName=NetL4_2 Pin=L4-2
Added Pin To Net: NetName=NetL4_2 Pin=R43-1
Added Net: Name=NetL4_2
Added Pin To Net: NetName=NetP?_2 Pin=P?-2
Added Net: Name=NetP?_2
Added Pin To Net: NetName=RCLMP Pin=C17-2
Added Net: Name=RCLMP
Added Pin To Net: NetName=SCLK Pin=Arduino_Interface-9
Added Net: Name=SCLK
Added Pin To Net: NetName=SS1 Pin=Arduino_Interface-4
Added Net: Name=SS1
Added Pin To Net: NetName=SS2 Pin=Arduino_Interface-5
Added Net: Name=SS2
Added Pin To Net: NetName=SS3 Pin=Arduino_Interface-6
Added Net: Name=SS3
Added Pin To Net: NetName=VCM Pin=C18-2
Added Net: Name=VCM
Added Class: Name=sonar
Added Room: Name=sonar
