Removed Pin From Net: NetName=GAIN3 Pin=Arduino-5
Removed Pin From Net: NetName=NetC34_3_2 Pin=C34_3-2
Removed Pin From Net: NetName=GND Pin=CG_3-1
Removed Pin From Net: NetName=NetC34_3_2 Pin=CG_3-2
Removed Pin From Net: NetName=5V Pin=MODE2-1
Removed Pin From Net: NetName=GAIN1 Pin=RG_1-1
Removed Pin From Net: NetName=NetC34_1_2 Pin=RG_1-2
Removed Pin From Net: NetName=GAIN2 Pin=RG_2-1
Removed Pin From Net: NetName=NetC34_2_2 Pin=RG_2-2
Removed Pin From Net: NetName=NetC34_3_2 Pin=VGA3-10
Added Pin To Net: NetName=NetC34_3_2 Pin=Arduino-5
Added Pin To Net: NetName=GAIN3 Pin=C34_3-2
Added Pin To Net: NetName=GAIN3 Pin=CG_3-1
Added Pin To Net: NetName=GND Pin=CG_3-2
Added Pin To Net: NetName=NetC34_1_2 Pin=RG_1-1
Added Pin To Net: NetName=GAIN1 Pin=RG_1-2
Added Pin To Net: NetName=NetC34_2_2 Pin=RG_2-1
Added Pin To Net: NetName=GAIN2 Pin=RG_2-2
Added Pin To Net: NetName=GAIN3 Pin=VGA3-10
Change Net Name : Old Net Name=GAIN1 New Net Name=NetArduino_1
Change Net Name : Old Net Name=GAIN2 New Net Name=NetArduino_3
Change Net Name : Old Net Name=NetC34_1_2 New Net Name=GAIN1
Change Net Name : Old Net Name=NetC34_2_2 New Net Name=GAIN2
Change Net Name : Old Net Name=NetC34_3_2 New Net Name=NetArduino_5
Added Room: Name=sonar
