Replace Part ADC1 ADC in D:\Robotics\Sonar\Altium\sonar.SchDoc with ADC from sonar.SchLib
Replace Part ADC2 ADC in D:\Robotics\Sonar\Altium\sonar.SchDoc with ADC from sonar.SchLib
Replace Part ADC3 ADC in D:\Robotics\Sonar\Altium\sonar.SchDoc with ADC from sonar.SchLib
Replace Part C? Cap Pol3 in D:\Robotics\Sonar\Altium\sonar.SchDoc with Cap Pol3 from Miscellaneous Devices.IntLib
Replace Part C? Cap Pol3 in D:\Robotics\Sonar\Altium\sonar.SchDoc with Cap Pol3 from Miscellaneous Devices.IntLib
Replace Part C? Cap Pol3 in D:\Robotics\Sonar\Altium\sonar.SchDoc with Cap Pol3 from Miscellaneous Devices.IntLib
Replace Part C? Cap Pol3 in D:\Robotics\Sonar\Altium\sonar.SchDoc with Cap Pol3 from Miscellaneous Devices.IntLib
Replace Part C? Cap Pol3 in D:\Robotics\Sonar\Altium\sonar.SchDoc with Cap Pol3 from Miscellaneous Devices.IntLib
Replace Part C? Cap Pol3 in D:\Robotics\Sonar\Altium\sonar.SchDoc with Cap Pol3 from Miscellaneous Devices.IntLib
Replace Part C? Cap Pol3 in D:\Robotics\Sonar\Altium\sonar.SchDoc with Cap Pol3 from Miscellaneous Devices.IntLib
Replace Part C? Cap Pol3 in D:\Robotics\Sonar\Altium\sonar.SchDoc with Cap Pol3 from Miscellaneous Devices.IntLib
Replace Part C? Cap Pol3 in D:\Robotics\Sonar\Altium\sonar.SchDoc with Cap Pol3 from Miscellaneous Devices.IntLib
Replace Part C? Cap Pol3 in D:\Robotics\Sonar\Altium\sonar.SchDoc with Cap Pol3 from Miscellaneous Devices.IntLib
Replace Part C? Cap Pol3 in D:\Robotics\Sonar\Altium\sonar.SchDoc with Cap Pol3 from Miscellaneous Devices.IntLib
Replace Part C? Cap Pol3 in D:\Robotics\Sonar\Altium\sonar.SchDoc with Cap Pol3 from Miscellaneous Devices.IntLib
Replace Part C? Cap Pol3 in D:\Robotics\Sonar\Altium\sonar.SchDoc with Cap Pol3 from Miscellaneous Devices.IntLib
Replace Part C? Cap Pol3 in D:\Robotics\Sonar\Altium\sonar.SchDoc with Cap Pol3 from Miscellaneous Devices.IntLib
Replace Part C? Cap Pol3 in D:\Robotics\Sonar\Altium\sonar.SchDoc with Cap Pol3 from Miscellaneous Devices.IntLib
Replace Part C? Cap Pol3 in D:\Robotics\Sonar\Altium\sonar.SchDoc with Cap Pol3 from Miscellaneous Devices.IntLib
Replace Part CHEETAH Header 5X2 in D:\Robotics\Sonar\Altium\sonar.SchDoc with Header 5X2 from Miscellaneous Connectors.IntLib
Replace Part H_PHONES Header 6 in D:\Robotics\Sonar\Altium\sonar.SchDoc with Header 6 from Miscellaneous Connectors.IntLib
Replace Part R? Res3 in D:\Robotics\Sonar\Altium\sonar.SchDoc with Res3 from Miscellaneous Devices.IntLib
Replace Part VGA1 VGA in D:\Robotics\Sonar\Altium\sonar.SchDoc with VGA from sonar.SchLib
Replace Part VGA2 VGA in D:\Robotics\Sonar\Altium\sonar.SchDoc with VGA from sonar.SchLib
Replace Part VGA3 VGA in D:\Robotics\Sonar\Altium\sonar.SchDoc with VGA from sonar.SchLib
Replace Part VR? Volt Reg in D:\Robotics\Sonar\Altium\sonar.SchDoc with Volt Reg from Miscellaneous Devices.IntLib
